<?xml version="1.0" encoding="UTF-8"?>
<!-- Generated by org.testng.reporters.JUnitXMLReporter -->
<testsuite hostname="SATISH-PC" name="Verify whether user is able to view first 10 branches in descending order" tests="4" failures="0" timestamp="15 Jun 2018 06:35:20 GMT" time="62.341" errors="0">
  <testcase name="execute" time="25.772" classname="org.ejagruti.investcorp.modules.LaunchApp"/>
  <testcase name="execute" time="20.056" classname="org.ejagruti.investcorp.modules.AdminLogin"/>
  <testcase name="execute" time="12.63" classname="org.ejagruti.investcorp.modules.Navigation"/>
  <testcase name="execute" time="0.002" classname="org.ejagruti.investcorp.modules.ViewandValidateData"/>
</testsuite> <!-- Verify whether user is able to view first 10 branches in descending order -->
