<?xml version="1.0" encoding="UTF-8"?>
<testsuite name="TestSuite" time="58.456" tests="4" errors="0" skipped="0" failures="0">
  <properties>
[...]
</properties>
  <testcase name="execute" classname="org.ejagruti.investcorp.modules.LaunchApp" time="25.78"/>
  <testcase name="execute" classname="org.ejagruti.investcorp.modules.AdminLogin" time="20.049"/>
  <testcase name="execute" classname="org.ejagruti.investcorp.modules.Navigation" time="12.624"/>
  <testcase name="execute" classname="org.ejagruti.investcorp.modules.ViewandValidateData" time="0.003"/>
</testsuite>