<?xml version="1.0" encoding="UTF-8"?>
<testng-results skipped="0" failed="0" total="4" passed="4">
  <reporter-output>
  </reporter-output>
  <suite name="Smoke" duration-ms="62341" started-at="2018-06-15T06:34:18Z" finished-at="2018-06-15T06:35:20Z">
    <groups>
    </groups>
    <test name="Verify whether user is able to view first 10 branches in descending order" duration-ms="62341" started-at="2018-06-15T06:34:18Z" finished-at="2018-06-15T06:35:20Z">
      <class name="org.ejagruti.investcorp.modules.Navigation">
        <test-method status="PASS" signature="execute(java.lang.String)[pri:0, instance:org.ejagruti.investcorp.modules.Navigation@340f438e]" name="execute" duration-ms="12630" started-at="2018-06-15T12:05:07Z" description="Navigation functionality" finished-at="2018-06-15T12:05:19Z">
          <params>
            <param index="0">
              <value>
                <![CDATA[menu=View/Edit,submenu=Branches]]>
              </value>
            </param>
          </params>
          <reporter-output>
          </reporter-output>
        </test-method> <!-- execute -->
      </class> <!-- org.ejagruti.investcorp.modules.Navigation -->
      <class name="org.ejagruti.investcorp.modules.ViewandValidateData">
        <test-method status="PASS" signature="execute(java.lang.String)[pri:0, instance:org.ejagruti.investcorp.modules.ViewandValidateData@30c7da1e]" name="execute" duration-ms="2" started-at="2018-06-15T12:05:20Z" description="View and Validate functionality" finished-at="2018-06-15T12:05:20Z">
          <params>
            <param index="0">
              <value>
                <![CDATA[query=SELECT id FROM branches ORDER BY id DESC LIMIT 0#10]]>
              </value>
            </param>
          </params>
          <reporter-output>
          </reporter-output>
        </test-method> <!-- execute -->
      </class> <!-- org.ejagruti.investcorp.modules.ViewandValidateData -->
      <class name="org.ejagruti.investcorp.modules.AdminLogin">
        <test-method status="PASS" signature="execute(java.lang.String)[pri:0, instance:org.ejagruti.investcorp.modules.AdminLogin@511baa65]" name="execute" duration-ms="20056" started-at="2018-06-15T12:04:47Z" description="AdminLogin functionality" finished-at="2018-06-15T12:05:07Z">
          <params>
            <param index="0">
              <value>
                <![CDATA[language=english,username=superadmin,password=passw0rd]]>
              </value>
            </param>
          </params>
          <reporter-output>
          </reporter-output>
        </test-method> <!-- execute -->
      </class> <!-- org.ejagruti.investcorp.modules.AdminLogin -->
      <class name="org.ejagruti.investcorp.modules.LaunchApp">
        <test-method status="PASS" signature="execute(java.lang.String)[pri:0, instance:org.ejagruti.investcorp.modules.LaunchApp@7f63425a]" name="execute" duration-ms="25772" started-at="2018-06-15T12:04:18Z" description="LaunchApp functionality" finished-at="2018-06-15T12:04:43Z">
          <params>
            <param index="0">
              <value>
                <![CDATA[browser=firefox,url=http://localhost:1979/investcorp1/mainpage/index.html,remote=n,hubipaddress=localhost]]>
              </value>
            </param>
          </params>
          <reporter-output>
          </reporter-output>
        </test-method> <!-- execute -->
      </class> <!-- org.ejagruti.investcorp.modules.LaunchApp -->
    </test> <!-- Verify whether user is able to view first 10 branches in descending order -->
  </suite> <!-- Smoke -->
</testng-results>
