<?xml version="1.0" encoding="UTF-8"?>
<!-- Generated by org.testng.reporters.JUnitXMLReporter -->
<testsuite hostname="SATISH-PC" name="Check whether Premium Calculator functionality is accessible" tests="4" failures="0" timestamp="25 Mar 2018 18:04:59 GMT" time="0.047" errors="0">
  <testcase name="execute" time="0.0" classname="org.ejagruti.investcorp.modules.LaunchApp">
    <skipped/>
  </testcase> <!-- execute -->
  <testcase name="execute" time="0.0" classname="org.ejagruti.investcorp.modules.AdminLogin">
    <skipped/>
  </testcase> <!-- execute -->
  <testcase name="execute" time="0.0" classname="org.ejagruti.investcorp.modules.Navigation">
    <skipped/>
  </testcase> <!-- execute -->
  <testcase name="execute" time="0.0" classname="org.ejagruti.investcorp.modules.PremiumCalculator">
    <skipped/>
  </testcase> <!-- execute -->
</testsuite> <!-- Check whether Premium Calculator functionality is accessible -->
