<?xml version="1.0" encoding="UTF-8"?>
<!-- Generated by org.testng.reporters.JUnitXMLReporter -->
<testsuite hostname="SATISH-PC" name="Verify whether user is able to view frrst 10 cities in descending order" tests="4" failures="0" timestamp="25 Mar 2018 18:04:58 GMT" time="44.719" errors="0">
  <testcase name="execute" time="13.862" classname="org.ejagruti.investcorp.modules.LaunchApp"/>
  <testcase name="execute" time="15.789" classname="org.ejagruti.investcorp.modules.AdminLogin"/>
  <testcase name="execute" time="12.341" classname="org.ejagruti.investcorp.modules.Navigation"/>
  <testcase name="execute" time="0.0" classname="org.ejagruti.investcorp.modules.ViewandValidateData"/>
</testsuite> <!-- Verify whether user is able to view frrst 10 cities in descending order -->
