<?xml version="1.0" encoding="UTF-8"?>
<!-- Generated by org.testng.reporters.JUnitXMLReporter -->
<testsuite hostname="SATISH-PC" name="Verify whether user is able to view first 10 branches in descending order" tests="4" failures="0" timestamp="15 Jun 2018 05:33:57 GMT" time="105.048" errors="0">
  <testcase name="execute" time="67.282" classname="org.ejagruti.investcorp.modules.LaunchApp"/>
  <testcase name="execute" time="18.613" classname="org.ejagruti.investcorp.modules.AdminLogin"/>
  <testcase name="execute" time="12.972" classname="org.ejagruti.investcorp.modules.Navigation"/>
  <testcase name="execute" time="0.004" classname="org.ejagruti.investcorp.modules.ViewandValidateData"/>
</testsuite> <!-- Verify whether user is able to view first 10 branches in descending order -->
