<?xml version="1.0" encoding="UTF-8"?>
<!-- Generated by org.testng.reporters.JUnitXMLReporter -->
<testsuite hostname="SATISH-PC" name="Verify whether report name Active CC Accounts Total As Per CC Type functionality" tests="4" failures="0" timestamp="25 Mar 2018 18:05:00 GMT" time="0.015" errors="0">
  <testcase name="execute" time="0.0" classname="org.ejagruti.investcorp.modules.LaunchApp">
    <skipped/>
  </testcase> <!-- execute -->
  <testcase name="execute" time="0.0" classname="org.ejagruti.investcorp.modules.AdminLogin">
    <skipped/>
  </testcase> <!-- execute -->
  <testcase name="execute" time="0.0" classname="org.ejagruti.investcorp.modules.Navigation">
    <skipped/>
  </testcase> <!-- execute -->
  <testcase name="execute" time="0.0" classname="org.ejagruti.investcorp.modules.ViewandValidateData">
    <skipped/>
  </testcase> <!-- execute -->
</testsuite> <!-- Verify whether report name Active CC Accounts Total As Per CC Type functionality -->
