<?xml version="1.0" encoding="UTF-8"?>
<!-- Generated by org.testng.reporters.JUnitXMLReporter -->
<testsuite hostname="SATISH-PC" ignored="0" name=" verify the correctness of generated citywise branches total  Report" tests="4" failures="0" timestamp="10 Sep 2017 13:08:22 GMT" time="157.998" errors="0">
  <testcase name="execute" time="29.977" classname="org.ejagruti.investcorp.modules.LaunchApp"/>
  <testcase name="execute" time="4.295" classname="org.ejagruti.investcorp.modules.AdminLogin"/>
  <testcase name="execute" time="123.518" classname="org.ejagruti.investcorp.modules.Navigation"/>
  <testcase name="execute" time="0.016" classname="org.ejagruti.investcorp.modules.ViewandValidateData"/>
</testsuite> <!--  verify the correctness of generated citywise branches total  Report -->
