<?xml version="1.0" encoding="UTF-8"?>
<!-- Generated by org.testng.reporters.JUnitXMLReporter -->
<testsuite hostname="SATISH-PC" ignored="0" name="Verify whether report name Active CC Accounts Total As Per CC Type functionality." tests="4" failures="0" timestamp="10 Sep 2017 13:12:05 GMT" time="185.319" errors="0">
  <testcase name="execute" time="43.512" classname="org.ejagruti.investcorp.modules.LaunchApp"/>
  <testcase name="execute" time="17.161" classname="org.ejagruti.investcorp.modules.AdminLogin"/>
  <testcase name="execute" time="124.458" classname="org.ejagruti.investcorp.modules.Navigation"/>
  <testcase name="execute" time="0.015" classname="org.ejagruti.investcorp.modules.ViewandValidateData"/>
</testsuite> <!-- Verify whether report name Active CC Accounts Total As Per CC Type functionality. -->
