<?xml version="1.0" encoding="UTF-8"?>
<!-- Generated by org.testng.reporters.JUnitXMLReporter -->
<testsuite hostname="SATISH-PC" name="Verify Admin login functionality by passing valid username and password" tests="2" failures="0" timestamp="27 Sep 2017 03:59:34 GMT" time="33.697" errors="0">
  <testcase name="execute" time="9.672" classname="org.ejagruti.investcorp.modules.LaunchApp"/>
  <testcase name="execute" time="18.815" classname="org.ejagruti.investcorp.modules.AdminLogin"/>
</testsuite> <!-- Verify Admin login functionality by passing valid username and password -->
