<?xml version="1.0" encoding="UTF-8"?>
<!-- Generated by org.testng.reporters.JUnitXMLReporter -->
<testsuite hostname="SATISH-PC" name="Verify the correctness of generated citywise branches total Report" tests="4" failures="0" timestamp="25 Mar 2018 18:04:59 GMT" time="0.078" errors="0">
  <testcase name="execute" time="0.0" classname="org.ejagruti.investcorp.modules.LaunchApp">
    <skipped/>
  </testcase> <!-- execute -->
  <testcase name="execute" time="0.0" classname="org.ejagruti.investcorp.modules.AdminLogin">
    <skipped/>
  </testcase> <!-- execute -->
  <testcase name="execute" time="0.0" classname="org.ejagruti.investcorp.modules.Navigation">
    <skipped/>
  </testcase> <!-- execute -->
  <testcase name="execute" time="0.0" classname="org.ejagruti.investcorp.modules.ViewandValidateData">
    <skipped/>
  </testcase> <!-- execute -->
</testsuite> <!-- Verify the correctness of generated citywise branches total Report -->
