<?xml version="1.0" encoding="UTF-8"?>
<!-- Generated by org.testng.reporters.JUnitXMLReporter -->
<testsuite hostname="SATISH-PC" name=" verify the correctness of generated citywise branches total Report" tests="4" failures="0" timestamp="18 Sep 2017 13:42:01 GMT" time="156.22" errors="0">
  <testcase name="execute" time="13.565" classname="org.ejagruti.investcorp.modules.LaunchApp"/>
  <testcase name="execute" time="4.787" classname="org.ejagruti.investcorp.modules.AdminLogin"/>
  <testcase name="execute" time="122.692" classname="org.ejagruti.investcorp.modules.Navigation"/>
  <testcase name="execute" time="0.0" classname="org.ejagruti.investcorp.modules.ViewandValidateData"/>
</testsuite> <!--  verify the correctness of generated citywise branches total Report -->
